<?xml version="1.0" encoding="UTF-8"?>
<testsuite xmlns:xsi="http://www.w3.org/2001/XMLSchema-instance" xsi:noNamespaceSchemaLocation="https://maven.apache.org/surefire/maven-surefire-plugin/xsd/surefire-test-report-3.0.xsd" version="3.0" name="com.truck.repository.impl.InMemoryTruckRepositoryTest" time="0.039" tests="19" errors="0" skipped="0" failures="0">
  <properties>
    <property name="java.specification.version" value="21"/>
    <property name="sun.jnu.encoding" value="UTF-8"/>
    <property name="java.class.path" value="/Users/issuser/Documents/remo_test/ao_test/target/test-classes:/Users/issuser/Documents/remo_test/ao_test/target/classes:/Users/issuser/.m2/repository/org/junit/jupiter/junit-jupiter-api/5.10.1/junit-jupiter-api-5.10.1.jar:/Users/issuser/.m2/repository/org/opentest4j/opentest4j/1.3.0/opentest4j-1.3.0.jar:/Users/issuser/.m2/repository/org/junit/platform/junit-platform-commons/1.10.1/junit-platform-commons-1.10.1.jar:/Users/issuser/.m2/repository/org/apiguardian/apiguardian-api/1.1.2/apiguardian-api-1.1.2.jar:/Users/issuser/.m2/repository/org/junit/jupiter/junit-jupiter-engine/5.10.1/junit-jupiter-engine-5.10.1.jar:/Users/issuser/.m2/repository/org/junit/platform/junit-platform-engine/1.10.1/junit-platform-engine-1.10.1.jar:/Users/issuser/.m2/repository/org/mockito/mockito-core/5.7.0/mockito-core-5.7.0.jar:/Users/issuser/.m2/repository/net/bytebuddy/byte-buddy/1.14.9/byte-buddy-1.14.9.jar:/Users/issuser/.m2/repository/net/bytebuddy/byte-buddy-agent/1.14.9/byte-buddy-agent-1.14.9.jar:/Users/issuser/.m2/repository/org/objenesis/objenesis/3.3/objenesis-3.3.jar:/Users/issuser/.m2/repository/org/mockito/mockito-junit-jupiter/5.7.0/mockito-junit-jupiter-5.7.0.jar:"/>
    <property name="java.vm.vendor" value="Oracle Corporation"/>
    <property name="sun.arch.data.model" value="64"/>
    <property name="java.vendor.url" value="https://java.oracle.com/"/>
    <property name="os.name" value="Mac OS X"/>
    <property name="java.vm.specification.version" value="21"/>
    <property name="sun.java.launcher" value="SUN_STANDARD"/>
    <property name="user.country" value="CN"/>
    <property name="sun.boot.library.path" value="/usr/local/jdk-21.0.1.jdk/Contents/Home/lib"/>
    <property name="sun.java.command" value="/Users/issuser/Documents/remo_test/ao_test/target/surefire/surefirebooter-20251031101656212_3.jar /Users/issuser/Documents/remo_test/ao_test/target/surefire 2025-10-31T10-16-56_151-jvmRun1 surefire-20251031101656212_1tmp surefire_0-20251031101656212_2tmp"/>
    <property name="jdk.debug" value="release"/>
    <property name="surefire.test.class.path" value="/Users/issuser/Documents/remo_test/ao_test/target/test-classes:/Users/issuser/Documents/remo_test/ao_test/target/classes:/Users/issuser/.m2/repository/org/junit/jupiter/junit-jupiter-api/5.10.1/junit-jupiter-api-5.10.1.jar:/Users/issuser/.m2/repository/org/opentest4j/opentest4j/1.3.0/opentest4j-1.3.0.jar:/Users/issuser/.m2/repository/org/junit/platform/junit-platform-commons/1.10.1/junit-platform-commons-1.10.1.jar:/Users/issuser/.m2/repository/org/apiguardian/apiguardian-api/1.1.2/apiguardian-api-1.1.2.jar:/Users/issuser/.m2/repository/org/junit/jupiter/junit-jupiter-engine/5.10.1/junit-jupiter-engine-5.10.1.jar:/Users/issuser/.m2/repository/org/junit/platform/junit-platform-engine/1.10.1/junit-platform-engine-1.10.1.jar:/Users/issuser/.m2/repository/org/mockito/mockito-core/5.7.0/mockito-core-5.7.0.jar:/Users/issuser/.m2/repository/net/bytebuddy/byte-buddy/1.14.9/byte-buddy-1.14.9.jar:/Users/issuser/.m2/repository/net/bytebuddy/byte-buddy-agent/1.14.9/byte-buddy-agent-1.14.9.jar:/Users/issuser/.m2/repository/org/objenesis/objenesis/3.3/objenesis-3.3.jar:/Users/issuser/.m2/repository/org/mockito/mockito-junit-jupiter/5.7.0/mockito-junit-jupiter-5.7.0.jar:"/>
    <property name="sun.cpu.endian" value="little"/>
    <property name="user.home" value="/Users/issuser"/>
    <property name="user.language" value="zh"/>
    <property name="java.specification.vendor" value="Oracle Corporation"/>
    <property name="java.version.date" value="2023-10-17"/>
    <property name="java.home" value="/usr/local/jdk-21.0.1.jdk/Contents/Home"/>
    <property name="file.separator" value="/"/>
    <property name="basedir" value="/Users/issuser/Documents/remo_test/ao_test"/>
    <property name="java.vm.compressedOopsMode" value="Zero based"/>
    <property name="line.separator" value="&#10;"/>
    <property name="java.specification.name" value="Java Platform API Specification"/>
    <property name="java.vm.specification.vendor" value="Oracle Corporation"/>
    <property name="apple.awt.application.name" value="ForkedBooter"/>
    <property name="surefire.real.class.path" value="/Users/issuser/Documents/remo_test/ao_test/target/surefire/surefirebooter-20251031101656212_3.jar"/>
    <property name="user.script" value="Hans"/>
    <property name="sun.management.compiler" value="HotSpot 64-Bit Tiered Compilers"/>
    <property name="java.runtime.version" value="21.0.1+12-29"/>
    <property name="user.name" value="issuser"/>
    <property name="stdout.encoding" value="UTF-8"/>
    <property name="path.separator" value=":"/>
    <property name="os.version" value="14.5"/>
    <property name="java.runtime.name" value="OpenJDK Runtime Environment"/>
    <property name="file.encoding" value="UTF-8"/>
    <property name="java.vm.name" value="OpenJDK 64-Bit Server VM"/>
    <property name="localRepository" value="/Users/issuser/.m2/repository"/>
    <property name="java.vendor.url.bug" value="https://bugreport.java.com/bugreport/"/>
    <property name="java.io.tmpdir" value="/var/folders/lz/bc5jj_0x0998vqpnf66rl6k80000gn/T/"/>
    <property name="java.version" value="21.0.1"/>
    <property name="user.dir" value="/Users/issuser/Documents/remo_test/ao_test"/>
    <property name="os.arch" value="aarch64"/>
    <property name="java.vm.specification.name" value="Java Virtual Machine Specification"/>
    <property name="native.encoding" value="UTF-8"/>
    <property name="java.library.path" value="/Users/issuser/Library/Java/Extensions:/Library/Java/Extensions:/Network/Library/Java/Extensions:/System/Library/Java/Extensions:/usr/lib/java:."/>
    <property name="java.vm.info" value="mixed mode, sharing"/>
    <property name="stderr.encoding" value="UTF-8"/>
    <property name="java.vendor" value="Oracle Corporation"/>
    <property name="java.vm.version" value="21.0.1+12-29"/>
    <property name="sun.io.unicode.encoding" value="UnicodeBig"/>
    <property name="java.class.version" value="65.0"/>
  </properties>
  <testcase name="testFindByVin_Success" classname="com.truck.repository.impl.InMemoryTruckRepositoryTest" time="0.014"/>
  <testcase name="testFindByBrand_Success" classname="com.truck.repository.impl.InMemoryTruckRepositoryTest" time="0.001"/>
  <testcase name="testCountByBrand" classname="com.truck.repository.impl.InMemoryTruckRepositoryTest" time="0.001"/>
  <testcase name="testDeleteById_Success" classname="com.truck.repository.impl.InMemoryTruckRepositoryTest" time="0.001"/>
  <testcase name="testSave_Success" classname="com.truck.repository.impl.InMemoryTruckRepositoryTest" time="0.001"/>
  <testcase name="testCount" classname="com.truck.repository.impl.InMemoryTruckRepositoryTest" time="0.0"/>
  <testcase name="testDeleteById_NotFound" classname="com.truck.repository.impl.InMemoryTruckRepositoryTest" time="0.0"/>
  <testcase name="testSave_NullTruck_ThrowsException" classname="com.truck.repository.impl.InMemoryTruckRepositoryTest" time="0.001"/>
  <testcase name="testFindByVin_NotFound" classname="com.truck.repository.impl.InMemoryTruckRepositoryTest" time="0.0"/>
  <testcase name="testSave_EmptyId_ThrowsException" classname="com.truck.repository.impl.InMemoryTruckRepositoryTest" time="0.001"/>
  <testcase name="testFindAll_MultipleTrucks" classname="com.truck.repository.impl.InMemoryTruckRepositoryTest" time="0.0"/>
  <testcase name="testUpdate_NonExistent_ThrowsException" classname="com.truck.repository.impl.InMemoryTruckRepositoryTest" time="0.0"/>
  <testcase name="testUpdate_VinChanged" classname="com.truck.repository.impl.InMemoryTruckRepositoryTest" time="0.0"/>
  <testcase name="testFindById_Success" classname="com.truck.repository.impl.InMemoryTruckRepositoryTest" time="0.0"/>
  <testcase name="testExistsByVin" classname="com.truck.repository.impl.InMemoryTruckRepositoryTest" time="0.001"/>
  <testcase name="testFindByStatus_Success" classname="com.truck.repository.impl.InMemoryTruckRepositoryTest" time="0.0"/>
  <testcase name="testFindById_NotFound" classname="com.truck.repository.impl.InMemoryTruckRepositoryTest" time="0.0"/>
  <testcase name="testUpdate_Success" classname="com.truck.repository.impl.InMemoryTruckRepositoryTest" time="0.0"/>
  <testcase name="testFindAll_Empty" classname="com.truck.repository.impl.InMemoryTruckRepositoryTest" time="0.0"/>
</testsuite>